Classic Timing Analyzer report for counter
Thu May 17 09:47:21 2018
Quartus II Version 9.0 Build 132 02/25/2009 SJ Full Version


---------------------
; Table of Contents ;
---------------------
  1. Legal Notice
  2. Timing Analyzer Summary
  3. Timing Analyzer Settings
  4. Clock Settings Summary
  5. Parallel Compilation
  6. Clock Setup: 'clk'
  7. tco
  8. Timing Analyzer Messages



----------------
; Legal Notice ;
----------------
Copyright (C) 1991-2009 Altera Corporation
Your use of Altera Corporation's design tools, logic functions 
and other software and tools, and its AMPP partner logic 
functions, and any output files from any of the foregoing 
(including device programming or simulation files), and any 
associated documentation or information are expressly subject 
to the terms and conditions of the Altera Program License 
Subscription Agreement, Altera MegaCore Function License 
Agreement, or other applicable license agreement, including, 
without limitation, that your use is for the sole purpose of 
programming logic devices manufactured by Altera and sold by 
Altera or its authorized distributors.  Please refer to the 
applicable agreement for further details.



+----------------------------------------------------------------------------------------------------------------------------------------------------------------------+
; Timing Analyzer Summary                                                                                                                                              ;
+------------------------------+-------+---------------+------------------------------------------------+-----------+-----------+------------+----------+--------------+
; Type                         ; Slack ; Required Time ; Actual Time                                    ; From      ; To        ; From Clock ; To Clock ; Failed Paths ;
+------------------------------+-------+---------------+------------------------------------------------+-----------+-----------+------------+----------+--------------+
; Worst-case tco               ; N/A   ; None          ; 7.066 ns                                       ; q[3]~reg0 ; q[3]      ; clk        ; --       ; 0            ;
; Clock Setup: 'clk'           ; N/A   ; None          ; Restricted to 500.00 MHz ( period = 2.000 ns ) ; q[0]~reg0 ; q[1]~reg0 ; clk        ; clk      ; 0            ;
; Total number of failed paths ;       ;               ;                                                ;           ;           ;            ;          ; 0            ;
+------------------------------+-------+---------------+------------------------------------------------+-----------+-----------+------------+----------+--------------+


+--------------------------------------------------------------------------------------------------------------------+
; Timing Analyzer Settings                                                                                           ;
+---------------------------------------------------------------------+--------------------+------+----+-------------+
; Option                                                              ; Setting            ; From ; To ; Entity Name ;
+---------------------------------------------------------------------+--------------------+------+----+-------------+
; Device Name                                                         ; EP2S15F484C3       ;      ;    ;             ;
; Timing Models                                                       ; Final              ;      ;    ;             ;
; Default hold multicycle                                             ; Same as Multicycle ;      ;    ;             ;
; Cut paths between unrelated clock domains                           ; On                 ;      ;    ;             ;
; Cut off read during write signal paths                              ; On                 ;      ;    ;             ;
; Cut off feedback from I/O pins                                      ; On                 ;      ;    ;             ;
; Report Combined Fast/Slow Timing                                    ; Off                ;      ;    ;             ;
; Ignore Clock Settings                                               ; Off                ;      ;    ;             ;
; Analyze latches as synchronous elements                             ; On                 ;      ;    ;             ;
; Enable Recovery/Removal analysis                                    ; Off                ;      ;    ;             ;
; Enable Clock Latency                                                ; Off                ;      ;    ;             ;
; Use TimeQuest Timing Analyzer                                       ; Off                ;      ;    ;             ;
; Number of source nodes to report per destination node               ; 10                 ;      ;    ;             ;
; Number of destination nodes to report                               ; 10                 ;      ;    ;             ;
; Number of paths to report                                           ; 200                ;      ;    ;             ;
; Report Minimum Timing Checks                                        ; Off                ;      ;    ;             ;
; Use Fast Timing Models                                              ; Off                ;      ;    ;             ;
; Report IO Paths Separately                                          ; Off                ;      ;    ;             ;
; Perform Multicorner Analysis                                        ; On                 ;      ;    ;             ;
; Reports the worst-case path for each clock domain and analysis      ; Off                ;      ;    ;             ;
; Removes common clock path pessimism (CCPP) during slack computation ; Off                ;      ;    ;             ;
; Output I/O Timing Endpoint                                          ; Near End           ;      ;    ;             ;
+---------------------------------------------------------------------+--------------------+------+----+-------------+


+------------------------------------------------------------------------------------------------------------------------------------------------------------------------------------+
; Clock Settings Summary                                                                                                                                                             ;
+-----------------+--------------------+----------+------------------+---------------+--------------+----------+-----------------------+---------------------+--------+--------------+
; Clock Node Name ; Clock Setting Name ; Type     ; Fmax Requirement ; Early Latency ; Late Latency ; Based on ; Multiply Base Fmax by ; Divide Base Fmax by ; Offset ; Phase offset ;
+-----------------+--------------------+----------+------------------+---------------+--------------+----------+-----------------------+---------------------+--------+--------------+
; clk             ;                    ; User Pin ; None             ; 0.000 ns      ; 0.000 ns     ; --       ; N/A                   ; N/A                 ; N/A    ;              ;
+-----------------+--------------------+----------+------------------+---------------+--------------+----------+-----------------------+---------------------+--------+--------------+


+------------------------------------------+
; Parallel Compilation                     ;
+----------------------------+-------------+
; Processors                 ; Number      ;
+----------------------------+-------------+
; Number detected on machine ; 2           ;
; Maximum allowed            ; 2           ;
;                            ;             ;
; Average used               ; 1.00        ;
; Maximum used               ; 1           ;
;                            ;             ;
; Usage by Processor         ; % Time Used ;
;     1 processor            ; 100.0%      ;
;     2 processors           ;   0.0%      ;
+----------------------------+-------------+


+--------------------------------------------------------------------------------------------------------------------------------------------------------------------------------------------+
; Clock Setup: 'clk'                                                                                                                                                                         ;
+-------+------------------------------------------------+-----------+-----------+------------+----------+-----------------------------+---------------------------+-------------------------+
; Slack ; Actual fmax (period)                           ; From      ; To        ; From Clock ; To Clock ; Required Setup Relationship ; Required Longest P2P Time ; Actual Longest P2P Time ;
+-------+------------------------------------------------+-----------+-----------+------------+----------+-----------------------------+---------------------------+-------------------------+
; N/A   ; Restricted to 500.00 MHz ( period = 2.000 ns ) ; q[0]~reg0 ; q[1]~reg0 ; clk        ; clk      ; None                        ; None                      ; 0.783 ns                ;
; N/A   ; Restricted to 500.00 MHz ( period = 2.000 ns ) ; q[2]~reg0 ; q[3]~reg0 ; clk        ; clk      ; None                        ; None                      ; 0.701 ns                ;
; N/A   ; Restricted to 500.00 MHz ( period = 2.000 ns ) ; q[0]~reg0 ; q[2]~reg0 ; clk        ; clk      ; None                        ; None                      ; 0.695 ns                ;
; N/A   ; Restricted to 500.00 MHz ( period = 2.000 ns ) ; q[0]~reg0 ; q[3]~reg0 ; clk        ; clk      ; None                        ; None                      ; 0.694 ns                ;
; N/A   ; Restricted to 500.00 MHz ( period = 2.000 ns ) ; q[3]~reg0 ; q[1]~reg0 ; clk        ; clk      ; None                        ; None                      ; 0.649 ns                ;
; N/A   ; Restricted to 500.00 MHz ( period = 2.000 ns ) ; q[1]~reg0 ; q[1]~reg0 ; clk        ; clk      ; None                        ; None                      ; 0.488 ns                ;
; N/A   ; Restricted to 500.00 MHz ( period = 2.000 ns ) ; q[2]~reg0 ; q[1]~reg0 ; clk        ; clk      ; None                        ; None                      ; 0.446 ns                ;
; N/A   ; Restricted to 500.00 MHz ( period = 2.000 ns ) ; q[1]~reg0 ; q[3]~reg0 ; clk        ; clk      ; None                        ; None                      ; 0.442 ns                ;
; N/A   ; Restricted to 500.00 MHz ( period = 2.000 ns ) ; q[1]~reg0 ; q[2]~reg0 ; clk        ; clk      ; None                        ; None                      ; 0.440 ns                ;
; N/A   ; Restricted to 500.00 MHz ( period = 2.000 ns ) ; q[0]~reg0 ; q[0]~reg0 ; clk        ; clk      ; None                        ; None                      ; 0.396 ns                ;
; N/A   ; Restricted to 500.00 MHz ( period = 2.000 ns ) ; q[3]~reg0 ; q[3]~reg0 ; clk        ; clk      ; None                        ; None                      ; 0.396 ns                ;
; N/A   ; Restricted to 500.00 MHz ( period = 2.000 ns ) ; q[2]~reg0 ; q[2]~reg0 ; clk        ; clk      ; None                        ; None                      ; 0.396 ns                ;
+-------+------------------------------------------------+-----------+-----------+------------+----------+-----------------------------+---------------------------+-------------------------+


+-------------------------------------------------------------------+
; tco                                                               ;
+-------+--------------+------------+-----------+------+------------+
; Slack ; Required tco ; Actual tco ; From      ; To   ; From Clock ;
+-------+--------------+------------+-----------+------+------------+
; N/A   ; None         ; 7.066 ns   ; q[3]~reg0 ; q[3] ; clk        ;
; N/A   ; None         ; 6.767 ns   ; q[3]~reg0 ; cout ; clk        ;
; N/A   ; None         ; 6.564 ns   ; q[0]~reg0 ; cout ; clk        ;
; N/A   ; None         ; 6.374 ns   ; q[1]~reg0 ; cout ; clk        ;
; N/A   ; None         ; 6.247 ns   ; q[0]~reg0 ; q[0] ; clk        ;
; N/A   ; None         ; 6.125 ns   ; q[2]~reg0 ; cout ; clk        ;
; N/A   ; None         ; 5.625 ns   ; q[2]~reg0 ; q[2] ; clk        ;
; N/A   ; None         ; 5.126 ns   ; q[1]~reg0 ; q[1] ; clk        ;
+-------+--------------+------------+-----------+------+------------+


+--------------------------+
; Timing Analyzer Messages ;
+--------------------------+
Info: *******************************************************************
Info: Running Quartus II Classic Timing Analyzer
    Info: Version 9.0 Build 132 02/25/2009 SJ Full Version
    Info: Processing started: Thu May 17 09:47:20 2018
Info: Command: quartus_tan --read_settings_files=off --write_settings_files=off counter -c counter --timing_analysis_only
Info: Parallel compilation is enabled and will use 2 of the 2 processors detected
Warning: Found pins functioning as undefined clocks and/or memory enables
    Info: Assuming node "clk" is an undefined clock
Info: Clock "clk" Internal fmax is restricted to 500.0 MHz between source register "q[0]~reg0" and destination register "q[1]~reg0"
    Info: fmax restricted to clock pin edge rate 2.0 ns. Expand message to see actual delay path.
        Info: + Longest register to register delay is 0.783 ns
            Info: 1: + IC(0.000 ns) + CELL(0.000 ns) = 0.000 ns; Loc. = LCFF_X10_Y26_N1; Fanout = 6; REG Node = 'q[0]~reg0'
            Info: 2: + IC(0.282 ns) + CELL(0.346 ns) = 0.628 ns; Loc. = LCCOMB_X10_Y26_N20; Fanout = 1; COMB Node = 'q~10'
            Info: 3: + IC(0.000 ns) + CELL(0.155 ns) = 0.783 ns; Loc. = LCFF_X10_Y26_N21; Fanout = 5; REG Node = 'q[1]~reg0'
            Info: Total cell delay = 0.501 ns ( 63.98 % )
            Info: Total interconnect delay = 0.282 ns ( 36.02 % )
        Info: - Smallest clock skew is 0.000 ns
            Info: + Shortest clock path from clock "clk" to destination register is 2.500 ns
                Info: 1: + IC(0.000 ns) + CELL(0.854 ns) = 0.854 ns; Loc. = PIN_N20; Fanout = 1; CLK Node = 'clk'
                Info: 2: + IC(0.343 ns) + CELL(0.000 ns) = 1.197 ns; Loc. = CLKCTRL_G3; Fanout = 4; COMB Node = 'clk~clkctrl'
                Info: 3: + IC(0.685 ns) + CELL(0.618 ns) = 2.500 ns; Loc. = LCFF_X10_Y26_N21; Fanout = 5; REG Node = 'q[1]~reg0'
                Info: Total cell delay = 1.472 ns ( 58.88 % )
                Info: Total interconnect delay = 1.028 ns ( 41.12 % )
            Info: - Longest clock path from clock "clk" to source register is 2.500 ns
                Info: 1: + IC(0.000 ns) + CELL(0.854 ns) = 0.854 ns; Loc. = PIN_N20; Fanout = 1; CLK Node = 'clk'
                Info: 2: + IC(0.343 ns) + CELL(0.000 ns) = 1.197 ns; Loc. = CLKCTRL_G3; Fanout = 4; COMB Node = 'clk~clkctrl'
                Info: 3: + IC(0.685 ns) + CELL(0.618 ns) = 2.500 ns; Loc. = LCFF_X10_Y26_N1; Fanout = 6; REG Node = 'q[0]~reg0'
                Info: Total cell delay = 1.472 ns ( 58.88 % )
                Info: Total interconnect delay = 1.028 ns ( 41.12 % )
        Info: + Micro clock to output delay of source is 0.094 ns
        Info: + Micro setup delay of destination is 0.090 ns
Info: tco from clock "clk" to destination pin "q[3]" through register "q[3]~reg0" is 7.066 ns
    Info: + Longest clock path from clock "clk" to source register is 2.500 ns
        Info: 1: + IC(0.000 ns) + CELL(0.854 ns) = 0.854 ns; Loc. = PIN_N20; Fanout = 1; CLK Node = 'clk'
        Info: 2: + IC(0.343 ns) + CELL(0.000 ns) = 1.197 ns; Loc. = CLKCTRL_G3; Fanout = 4; COMB Node = 'clk~clkctrl'
        Info: 3: + IC(0.685 ns) + CELL(0.618 ns) = 2.500 ns; Loc. = LCFF_X10_Y26_N31; Fanout = 4; REG Node = 'q[3]~reg0'
        Info: Total cell delay = 1.472 ns ( 58.88 % )
        Info: Total interconnect delay = 1.028 ns ( 41.12 % )
    Info: + Micro clock to output delay of source is 0.094 ns
    Info: + Longest register to pin delay is 4.472 ns
        Info: 1: + IC(0.000 ns) + CELL(0.000 ns) = 0.000 ns; Loc. = LCFF_X10_Y26_N31; Fanout = 4; REG Node = 'q[3]~reg0'
        Info: 2: + IC(2.520 ns) + CELL(1.952 ns) = 4.472 ns; Loc. = PIN_U13; Fanout = 0; PIN Node = 'q[3]'
        Info: Total cell delay = 1.952 ns ( 43.65 % )
        Info: Total interconnect delay = 2.520 ns ( 56.35 % )
Info: Quartus II Classic Timing Analyzer was successful. 0 errors, 1 warning
    Info: Peak virtual memory: 135 megabytes
    Info: Processing ended: Thu May 17 09:47:21 2018
    Info: Elapsed time: 00:00:01
    Info: Total CPU time (on all processors): 00:00:00


