Analysis & Synthesis report for D_clock
Thu May 31 11:36:07 2018
Quartus II Version 9.0 Build 132 02/25/2009 SJ Full Version


---------------------
; Table of Contents ;
---------------------
  1. Legal Notice
  2. Analysis & Synthesis Summary
  3. Analysis & Synthesis Settings
  4. Analysis & Synthesis Source Files Read
  5. Analysis & Synthesis Resource Usage Summary
  6. Analysis & Synthesis Resource Utilization by Entity
  7. General Register Statistics
  8. Multiplexer Restructuring Statistics (Restructuring Performed)
  9. Analysis & Synthesis Messages



----------------
; Legal Notice ;
----------------
Copyright (C) 1991-2009 Altera Corporation
Your use of Altera Corporation's design tools, logic functions 
and other software and tools, and its AMPP partner logic 
functions, and any output files from any of the foregoing 
(including device programming or simulation files), and any 
associated documentation or information are expressly subject 
to the terms and conditions of the Altera Program License 
Subscription Agreement, Altera MegaCore Function License 
Agreement, or other applicable license agreement, including, 
without limitation, that your use is for the sole purpose of 
programming logic devices manufactured by Altera and sold by 
Altera or its authorized distributors.  Please refer to the 
applicable agreement for further details.



+--------------------------------------------------------------------------+
; Analysis & Synthesis Summary                                             ;
+-------------------------------+------------------------------------------+
; Analysis & Synthesis Status   ; Successful - Thu May 31 11:36:07 2018    ;
; Quartus II Version            ; 9.0 Build 132 02/25/2009 SJ Full Version ;
; Revision Name                 ; D_clock                                  ;
; Top-level Entity Name         ; D_clock                                  ;
; Family                        ; Stratix II                               ;
; Logic utilization             ; N/A                                      ;
;     Combinational ALUTs       ; 107                                      ;
;     Dedicated logic registers ; 44                                       ;
; Total registers               ; 44                                       ;
; Total pins                    ; 51                                       ;
; Total virtual pins            ; 0                                        ;
; Total block memory bits       ; 0                                        ;
; DSP block 9-bit elements      ; 0                                        ;
; Total PLLs                    ; 0                                        ;
; Total DLLs                    ; 0                                        ;
+-------------------------------+------------------------------------------+


+----------------------------------------------------------------------------------------------------------+
; Analysis & Synthesis Settings                                                                            ;
+----------------------------------------------------------------+--------------------+--------------------+
; Option                                                         ; Setting            ; Default Value      ;
+----------------------------------------------------------------+--------------------+--------------------+
; Top-level entity name                                          ; D_clock            ; D_clock            ;
; Family name                                                    ; Stratix II         ; Stratix II         ;
; Use Generated Physical Constraints File                        ; Off                ;                    ;
; Use smart compilation                                          ; Off                ; Off                ;
; Restructure Multiplexers                                       ; Auto               ; Auto               ;
; Create Debugging Nodes for IP Cores                            ; Off                ; Off                ;
; Preserve fewer node names                                      ; On                 ; On                 ;
; Disable OpenCore Plus hardware evaluation                      ; Off                ; Off                ;
; Verilog Version                                                ; Verilog_2001       ; Verilog_2001       ;
; VHDL Version                                                   ; VHDL93             ; VHDL93             ;
; State Machine Processing                                       ; Auto               ; Auto               ;
; Safe State Machine                                             ; Off                ; Off                ;
; Extract Verilog State Machines                                 ; On                 ; On                 ;
; Extract VHDL State Machines                                    ; On                 ; On                 ;
; Ignore Verilog initial constructs                              ; Off                ; Off                ;
; Iteration limit for constant Verilog loops                     ; 5000               ; 5000               ;
; Iteration limit for non-constant Verilog loops                 ; 250                ; 250                ;
; Add Pass-Through Logic to Inferred RAMs                        ; On                 ; On                 ;
; Parallel Synthesis                                             ; Off                ; Off                ;
; DSP Block Balancing                                            ; Auto               ; Auto               ;
; NOT Gate Push-Back                                             ; On                 ; On                 ;
; Power-Up Don't Care                                            ; On                 ; On                 ;
; Remove Redundant Logic Cells                                   ; Off                ; Off                ;
; Remove Duplicate Registers                                     ; On                 ; On                 ;
; Ignore CARRY Buffers                                           ; Off                ; Off                ;
; Ignore CASCADE Buffers                                         ; Off                ; Off                ;
; Ignore GLOBAL Buffers                                          ; Off                ; Off                ;
; Ignore ROW GLOBAL Buffers                                      ; Off                ; Off                ;
; Ignore LCELL Buffers                                           ; Off                ; Off                ;
; Ignore SOFT Buffers                                            ; On                 ; On                 ;
; Limit AHDL Integers to 32 Bits                                 ; Off                ; Off                ;
; Optimization Technique                                         ; Balanced           ; Balanced           ;
; Carry Chain Length                                             ; 70                 ; 70                 ;
; Auto Carry Chains                                              ; On                 ; On                 ;
; Auto Open-Drain Pins                                           ; On                 ; On                 ;
; Perform WYSIWYG Primitive Resynthesis                          ; Off                ; Off                ;
; Auto ROM Replacement                                           ; On                 ; On                 ;
; Auto RAM Replacement                                           ; On                 ; On                 ;
; Auto DSP Block Replacement                                     ; On                 ; On                 ;
; Auto Shift Register Replacement                                ; Auto               ; Auto               ;
; Auto Clock Enable Replacement                                  ; On                 ; On                 ;
; Strict RAM Replacement                                         ; Off                ; Off                ;
; Allow Synchronous Control Signals                              ; On                 ; On                 ;
; Force Use of Synchronous Clear Signals                         ; Off                ; Off                ;
; Auto RAM Block Balancing                                       ; On                 ; On                 ;
; Auto RAM to Logic Cell Conversion                              ; Off                ; Off                ;
; Auto Resource Sharing                                          ; Off                ; Off                ;
; Allow Any RAM Size For Recognition                             ; Off                ; Off                ;
; Allow Any ROM Size For Recognition                             ; Off                ; Off                ;
; Allow Any Shift Register Size For Recognition                  ; Off                ; Off                ;
; Use LogicLock Constraints during Resource Balancing            ; On                 ; On                 ;
; Ignore translate_off and synthesis_off directives              ; Off                ; Off                ;
; Timing-Driven Synthesis                                        ; Off                ; Off                ;
; Show Parameter Settings Tables in Synthesis Report             ; On                 ; On                 ;
; Ignore Maximum Fan-Out Assignments                             ; Off                ; Off                ;
; Synchronization Register Chain Length                          ; 2                  ; 2                  ;
; PowerPlay Power Optimization                                   ; Normal compilation ; Normal compilation ;
; HDL message level                                              ; Level2             ; Level2             ;
; Suppress Register Optimization Related Messages                ; Off                ; Off                ;
; Number of Removed Registers Reported in Synthesis Report       ; 100                ; 100                ;
; Number of Inverted Registers Reported in Synthesis Report      ; 100                ; 100                ;
; Clock MUX Protection                                           ; On                 ; On                 ;
; Auto Gated Clock Conversion                                    ; Off                ; Off                ;
; Block Design Naming                                            ; Auto               ; Auto               ;
; SDC constraint protection                                      ; Off                ; Off                ;
; Synthesis Effort                                               ; Auto               ; Auto               ;
; Allows Asynchronous Clear Usage For Shift Register Replacement ; On                 ; On                 ;
; Analysis & Synthesis Message Level                             ; Medium             ; Medium             ;
+----------------------------------------------------------------+--------------------+--------------------+


+-----------------------------------------------------------------------------------------------------------------------------------------------+
; Analysis & Synthesis Source Files Read                                                                                                        ;
+----------------------------------+-----------------+------------------------------------+-----------------------------------------------------+
; File Name with User-Entered Path ; Used in Netlist ; File Type                          ; File Name with Absolute Path                        ;
+----------------------------------+-----------------+------------------------------------+-----------------------------------------------------+
; seven_v.vhd                      ; yes             ; User VHDL File                     ; D:/Backup/我的文档/QuartusII/D_clock/seven_v.vhd    ;
; cout60_v.vhd                     ; yes             ; User VHDL File                     ; D:/Backup/我的文档/QuartusII/D_clock/cout60_v.vhd   ;
; cout12_v.vhd                     ; yes             ; User VHDL File                     ; D:/Backup/我的文档/QuartusII/D_clock/cout12_v.vhd   ;
; demulti4_1.tdf                   ; yes             ; User AHDL File                     ; D:/Backup/我的文档/QuartusII/D_clock/demulti4_1.tdf ;
; divided.tdf                      ; yes             ; User AHDL File                     ; D:/Backup/我的文档/QuartusII/D_clock/divided.tdf    ;
; D_clock.bdf                      ; yes             ; User Block Diagram/Schematic File  ; D:/Backup/我的文档/QuartusII/D_clock/D_clock.bdf    ;
+----------------------------------+-----------------+------------------------------------+-----------------------------------------------------+


+-------------------------------------------------------+
; Analysis & Synthesis Resource Usage Summary           ;
+-----------------------------------------------+-------+
; Resource                                      ; Usage ;
+-----------------------------------------------+-------+
; Estimated ALUTs Used                          ; 107   ;
; Dedicated logic registers                     ; 44    ;
;                                               ;       ;
; Estimated ALUTs Unavailable                   ; 3     ;
;                                               ;       ;
; Total combinational functions                 ; 107   ;
; Combinational ALUT usage by number of inputs  ;       ;
;     -- 7 input functions                      ; 1     ;
;     -- 6 input functions                      ; 6     ;
;     -- 5 input functions                      ; 13    ;
;     -- 4 input functions                      ; 33    ;
;     -- <=3 input functions                    ; 54    ;
;                                               ;       ;
; Combinational ALUTs by mode                   ;       ;
;     -- normal mode                            ; 82    ;
;     -- extended LUT mode                      ; 1     ;
;     -- arithmetic mode                        ; 24    ;
;     -- shared arithmetic mode                 ; 0     ;
;                                               ;       ;
; Estimated ALUT/register pairs used            ; 107   ;
;                                               ;       ;
; Total registers                               ; 44    ;
;     -- Dedicated logic registers              ; 44    ;
;     -- I/O registers                          ; 0     ;
;                                               ;       ;
; Estimated ALMs:  partially or completely used ; 54    ;
;                                               ;       ;
; I/O pins                                      ; 51    ;
; Maximum fan-out node                          ; CLK   ;
; Maximum fan-out                               ; 25    ;
; Total fan-out                                 ; 535   ;
; Average fan-out                               ; 2.65  ;
+-----------------------------------------------+-------+


+-----------------------------------------------------------------------------------------------------------------------------------------------------------------------------------------------------+
; Analysis & Synthesis Resource Utilization by Entity                                                                                                                                                 ;
+----------------------------+-------------------+--------------+-------------------+--------------+---------+-----------+-----------+------+--------------+---------------------------+--------------+
; Compilation Hierarchy Node ; LC Combinationals ; LC Registers ; Block Memory Bits ; DSP Elements ; DSP 9x9 ; DSP 18x18 ; DSP 36x36 ; Pins ; Virtual Pins ; Full Hierarchy Name       ; Library Name ;
+----------------------------+-------------------+--------------+-------------------+--------------+---------+-----------+-----------+------+--------------+---------------------------+--------------+
; |D_clock                   ; 107 (0)           ; 44 (0)       ; 0                 ; 0            ; 0       ; 0         ; 0         ; 51   ; 0            ; |D_clock                  ; work         ;
;    |cout12_v:inst|         ; 9 (9)             ; 5 (5)        ; 0                 ; 0            ; 0       ; 0         ; 0         ; 0    ; 0            ; |D_clock|cout12_v:inst    ; work         ;
;    |cout60_v:inst1|        ; 13 (13)           ; 7 (7)        ; 0                 ; 0            ; 0       ; 0         ; 0         ; 0    ; 0            ; |D_clock|cout60_v:inst1   ; work         ;
;    |cout60_v:inst2|        ; 14 (14)           ; 7 (7)        ; 0                 ; 0            ; 0       ; 0         ; 0         ; 0    ; 0            ; |D_clock|cout60_v:inst2   ; work         ;
;    |demulti4_1:inst3|      ; 5 (5)             ; 0 (0)        ; 0                 ; 0            ; 0       ; 0         ; 0         ; 0    ; 0            ; |D_clock|demulti4_1:inst3 ; work         ;
;    |divided:inst4|         ; 31 (31)           ; 25 (25)      ; 0                 ; 0            ; 0       ; 0         ; 0         ; 0    ; 0            ; |D_clock|divided:inst4    ; work         ;
;    |seven_v:inst5|         ; 7 (7)             ; 0 (0)        ; 0                 ; 0            ; 0       ; 0         ; 0         ; 0    ; 0            ; |D_clock|seven_v:inst5    ; work         ;
;    |seven_v:inst6|         ; 7 (7)             ; 0 (0)        ; 0                 ; 0            ; 0       ; 0         ; 0         ; 0    ; 0            ; |D_clock|seven_v:inst6    ; work         ;
;    |seven_v:inst7|         ; 7 (7)             ; 0 (0)        ; 0                 ; 0            ; 0       ; 0         ; 0         ; 0    ; 0            ; |D_clock|seven_v:inst7    ; work         ;
;    |seven_v:inst8|         ; 7 (7)             ; 0 (0)        ; 0                 ; 0            ; 0       ; 0         ; 0         ; 0    ; 0            ; |D_clock|seven_v:inst8    ; work         ;
;    |seven_v:inst9|         ; 7 (7)             ; 0 (0)        ; 0                 ; 0            ; 0       ; 0         ; 0         ; 0    ; 0            ; |D_clock|seven_v:inst9    ; work         ;
+----------------------------+-------------------+--------------+-------------------+--------------+---------+-----------+-----------+------+--------------+---------------------------+--------------+
Note: For table entries with two numbers listed, the numbers in parentheses indicate the number of resources of the given type used by the specific entity alone. The numbers listed outside of parentheses indicate the total resources of the given type used by the specific entity and all of its sub-entities in the hierarchy.


+------------------------------------------------------+
; General Register Statistics                          ;
+----------------------------------------------+-------+
; Statistic                                    ; Value ;
+----------------------------------------------+-------+
; Total registers                              ; 44    ;
; Number of registers using Synchronous Clear  ; 24    ;
; Number of registers using Synchronous Load   ; 4     ;
; Number of registers using Asynchronous Clear ; 0     ;
; Number of registers using Asynchronous Load  ; 0     ;
; Number of registers using Clock Enable       ; 12    ;
; Number of registers using Preset             ; 0     ;
+----------------------------------------------+-------+


+-----------------------------------------------------------------------------------------------------------------------------------------------+
; Multiplexer Restructuring Statistics (Restructuring Performed)                                                                                ;
+--------------------+-----------+---------------+----------------------+------------------------+------------+---------------------------------+
; Multiplexer Inputs ; Bus Width ; Baseline Area ; Area if Restructured ; Saving if Restructured ; Registered ; Example Multiplexer Output      ;
+--------------------+-----------+---------------+----------------------+------------------------+------------+---------------------------------+
; 3:1                ; 4 bits    ; 8 ALUTs       ; 8 ALUTs              ; 0 ALUTs                ; Yes        ; |D_clock|cout60_v:inst2|tmpa[2] ;
; 4:1                ; 4 bits    ; 8 ALUTs       ; 8 ALUTs              ; 0 ALUTs                ; Yes        ; |D_clock|cout60_v:inst1|tmpa[0] ;
; 4:1                ; 3 bits    ; 6 ALUTs       ; 6 ALUTs              ; 0 ALUTs                ; Yes        ; |D_clock|cout60_v:inst2|tmpb[0] ;
; 5:1                ; 4 bits    ; 12 ALUTs      ; 8 ALUTs              ; 4 ALUTs                ; Yes        ; |D_clock|cout12_v:inst|tmpa[0]  ;
; 5:1                ; 3 bits    ; 9 ALUTs       ; 6 ALUTs              ; 3 ALUTs                ; Yes        ; |D_clock|cout60_v:inst1|tmpb[1] ;
+--------------------+-----------+---------------+----------------------+------------------------+------------+---------------------------------+


+-------------------------------+
; Analysis & Synthesis Messages ;
+-------------------------------+
Info: *******************************************************************
Info: Running Quartus II Analysis & Synthesis
    Info: Version 9.0 Build 132 02/25/2009 SJ Full Version
    Info: Processing started: Thu May 31 11:36:06 2018
Info: Command: quartus_map --read_settings_files=on --write_settings_files=off D_clock -c D_clock
Info: Found 2 design units, including 1 entities, in source file seven_v.vhd
    Info: Found design unit 1: seven_v-a
    Info: Found entity 1: seven_v
Info: Found 2 design units, including 1 entities, in source file cout60_v.vhd
    Info: Found design unit 1: cout60_v-a
    Info: Found entity 1: cout60_v
Info: Found 2 design units, including 1 entities, in source file cout12_v.vhd
    Info: Found design unit 1: cout12_v-a
    Info: Found entity 1: cout12_v
Info: Found 1 design units, including 1 entities, in source file demulti4_1.tdf
    Info: Found entity 1: demulti4_1
Info: Found 1 design units, including 1 entities, in source file divided.tdf
    Info: Found entity 1: divided
Info: Found 1 design units, including 1 entities, in source file D_clock.bdf
    Info: Found entity 1: D_clock
Info: Elaborating entity "D_clock" for the top level hierarchy
Info: Elaborating entity "seven_v" for hierarchy "seven_v:inst9"
Info: Elaborating entity "cout12_v" for hierarchy "cout12_v:inst"
Warning (10492): VHDL Process Statement warning at cout12_v.vhd(16): signal "CLRN" is read inside the Process Statement but isn't in the Process Statement's sensitivity list
Info: Elaborating entity "cout60_v" for hierarchy "cout60_v:inst1"
Warning (10492): VHDL Process Statement warning at cout60_v.vhd(18): signal "CLRN" is read inside the Process Statement but isn't in the Process Statement's sensitivity list
Warning (10492): VHDL Process Statement warning at cout60_v.vhd(33): signal "EN" is read inside the Process Statement but isn't in the Process Statement's sensitivity list
Info: Elaborating entity "divided" for hierarchy "divided:inst4"
Info: Elaborating entity "demulti4_1" for hierarchy "demulti4_1:inst3"
Warning: Output pins are stuck at VCC or GND
    Warning (13410): Pin "QHb[4]" is stuck at VCC
    Warning (13410): Pin "QHb[5]" is stuck at VCC
    Warning (13410): Pin "QHb[6]" is stuck at GND
Info: Implemented 158 device resources after synthesis - the final resource count might be different
    Info: Implemented 9 input pins
    Info: Implemented 42 output pins
    Info: Implemented 107 logic cells
Info: Quartus II Analysis & Synthesis was successful. 0 errors, 7 warnings
    Info: Peak virtual memory: 194 megabytes
    Info: Processing ended: Thu May 31 11:36:07 2018
    Info: Elapsed time: 00:00:01
    Info: Total CPU time (on all processors): 00:00:01


